
May 15 23:03:10  ush[79475] <Notice>: testing hi
May 15 23:03:10  ush[79475] <Notice>: testing hi
May 15 23:03:10  ush[79475] <Notice>: testing hi
May 15 23:03:10  ush[79475] <Notice>: testing hi
May 15 23:03:10  ush[79475] <Notice>: testing hi
May 15 23:03:10  ush[79475] <Notice>: testing hi
May 15 23:03:10  ush[79475] <Notice>: testing hi
May 15 23:03:10  ush[79475] <Notice>: testing hi
May 15 23:03:10  ush[79475] <Notice>: testing hi
May 15 23:03:10  ush[79475] <Notice>: testing hi
May 15 23:03:10  ush[79475] <Notice>: testing hi
May 15 23:03:10  ush[79475] <Notice>: testing hi
May 15 23:03:10  ush[79475] <Notice>: testing hi
May 15 23:03:10  ush[79475] <Notice>: testing hi
May 15 23:03:10  ush[79475] <Notice>: testing hi
May 15 23:03:10  ush[79475] <Notice>: testing hi
May 15 23:03:10  ush[79475] <Notice>: testing hi
May 17 04:30:57 kafka-vm1 systemd[243200]: Listening on GnuPG cryptographic agent (ssh-agent emulation).
May 17 04:30:57 kafka-vm1 systemd[243200]: Listening on GnuPG cryptographic agent and passphrase cache.
May 17 04:30:57 kafka-vm1 systemd[243200]: Listening on REST API socket for snapd user session agent.
May 17 04:30:57 kafka-vm1 systemd[243200]: Listening on D-Bus User Message Bus Socket.
May 17 04:30:57 kafka-vm1 systemd[243200]: Reached target Sockets.
May 17 04:30:57 kafka-vm1 systemd[243200]: Reached target Basic System.
May 17 04:30:57 kafka-vm1 systemd[243200]: Reached target Main User Target.
May 17 04:30:57 kafka-vm1 systemd[243200]: Startup finished in 174ms.
May 17 04:30:57 kafka-vm1 systemd[1]: Started User Manager for UID 1000.
May 17 04:30:57 kafka-vm1 systemd[1]: Started Session 350 of User azureuser.
root@kafka-vm1:/home/azureuser# cat /var/log/syslog
May 14 00:00:12 kafka-vm1 systemd[1]: logrotate.service: Deactivated successfully.
May 14 00:00:12 kafka-vm1 systemd[1]: Finished Rotate log files.
May 14 00:04:23 kafka-vm1 python3[50772]: 2023-05-14T00:04:23.997591Z INFO ExtHandler ExtHandler [HEARTBEAT] Agent WALinuxAgent-2.9.0.4 is running as the goal state agent [DEBUG HeartbeatCounter: 398;HeartbeatId: 411D44BB-BF08-495F-99CE-44DB4643DF1C;DroppedPackets: 0;UpdateGSErrors: 0;AutoUpdate: 1]
May 14 00:17:01 kafka-vm1 CRON[193054]: (root) CMD (   cd / && run-parts --report /etc/cron.hourly)
May 14 00:33:12 kafka-vm1 systemd[1]: Starting Ubuntu Advantage Timer for running repeated jobs...
May 14 00:33:12 kafka-vm1 systemd[1]: ua-timer.service: Deactivated successfully.
May 14 00:33:12 kafka-vm1 systemd[1]: Finished Ubuntu Advantage Timer for running repeated jobs.
May 14 00:34:25 kafka-vm1 python3[50772]: 2023-05-14T00:34:25.473972Z INFO ExtHandler ExtHandler [HEARTBEAT] Agent WALinuxAgent-2.9.0.4 is running as the goal state agent [DEBUG HeartbeatCounter: 399;HeartbeatId: 411D44BB-BF08-495F-99CE-44DB4643DF1C;DroppedPackets: 0;UpdateGSErrors: 0;AutoUpdate: 1]
May 14 00:43:30 kafka-vm1 kafka-server-start.sh[88988]: [2023-05-14 00:43:30,157] WARN [SocketServer listenerType=ZK_BROKER, nodeId=0] Unexpected error from /198.235.24.74 (channelId=10.0.0.4:9092-198.235.24.74:62298-64); closing connection (org.apache.kafka.common.network.Selector)
May 14 00:43:30 kafka-vm1 kafka-server-start.sh[88988]: org.apache.kafka.common.network.InvalidReceiveException: Invalid receive (size = 1195725856 larger than 104857600)
May 14 00:43:30 kafka-vm1 kafka-server-start.sh[88988]: #011at org.apache.kafka.common.network.NetworkReceive.readFrom(NetworkReceive.java:94)
May 14 00:43:30 kafka-vm1 kafka-server-start.sh[88988]: #011at org.apache.kafka.common.network.KafkaChannel.receive(KafkaChannel.java:452)
May 14 00:43:30 kafka-vm1 kafka-server-start.sh[88988]: #011at org.apache.kafka.common.network.KafkaChannel.read(KafkaChannel.java:402)
May 14 00:43:30 kafka-vm1 kafka-server-start.sh[88988]: #011at org.apache.kafka.common.network.Selector.attemptRead(Selector.java:674)
May 14 00:43:30 kafka-vm1 kafka-server-start.sh[88988]: #011at org.apache.kafka.common.network.Selector.pollSelectionKeys(Selector.java:576)
May 14 00:43:30 kafka-vm1 kafka-server-start.sh[88988]: #011at org.apache.kafka.common.network.Selector.poll(Selector.java:481)
May 14 00:43:30 kafka-vm1 kafka-server-start.sh[88988]: #011at kafka.network.Processor.poll(SocketServer.scala:1055)
May 14 00:43:30 kafka-vm1 kafka-server-start.sh[88988]: #011at kafka.network.Processor.run(SocketServer.scala:959)
May 14 00:43:30 kafka-vm1 kafka-server-start.sh[88988]: #011at java.base/java.lang.Thread.run(Thread.java:833)
May 14 00:56:13 kafka-vm1 python3[50772]: 2023-05-14T00:56:13.346193Z INFO ExtHandler ExtHandler No requested version specified, checking for all versions for agent update (family: Prod)
May 14 01:04:27 kafka-vm1 python3[50772]: 2023-05-14T01:04:27.382189Z INFO ExtHandler ExtHandler [HEARTBEAT] Agent WALinuxAgent-2.9.0.4 is running as the goal state agent [DEBUG HeartbeatCounter: 400;HeartbeatId: 411D44BB-BF08-495F-99CE-44DB4643DF1C;DroppedPackets: 0;UpdateGSErrors: 0;AutoUpdate: 1]
May 14 01:17:01 kafka-vm1 CRON[193638]: (root) CMD (   cd / && run-parts --report /etc/cron.hourly)
May 14 01:34:30 kafka-vm1 python3[50772]: 2023-05-14T01:34:30.504138Z INFO ExtHandler ExtHandler [HEARTBEAT] Agent WALinuxAgent-2.9.0.4 is running as the goal state agent [DEBUG HeartbeatCounter: 401;HeartbeatId: 411D44BB-BF08-495F-99CE-44DB4643DF1C;DroppedPackets: 0;UpdateGSErrors: 0;AutoUpdate: 1]
May 14 01:56:17 kafka-vm1 python3[50772]: 2023-05-14T01:56:17.576614Z INFO ExtHandler ExtHandler No requested version specified, checking for all versions for agent update (family: Prod)
May 14 02:04:31 kafka-vm1 python3[50772]: 2023-05-14T02:04:31.593423Z INFO ExtHandler ExtHandler [HEARTBEAT] Agent WALinuxAgent-2.9.0.4 is running as the goal state agent [DEBUG HeartbeatCounter: 402;HeartbeatId: 411D44BB-BF08-495F-99CE-44DB4643DF1C;DroppedPackets: 0;UpdateGSErrors: 0;AutoUpdate: 1]
May 14 02:17:01 kafka-vm1 CRON[194282]: (root) CMD (   cd / && run-parts --report /etc/cron.hourly)
May 14 02:27:12 kafka-vm1 systemd[1]: Starting Message of the Day...
May 14 02:27:12 kafka-vm1 50-motd-news[194404]:  * Strictly confined Kubernetes makes edge and IoT secure. Learn how MicroK8s
May 14 02:27:12 kafka-vm1 50-motd-news[194404]:    just raised the bar for easy, resilient and secure K8s cluster deployment.
May 14 02:27:12 kafka-vm1 50-motd-news[194404]:    https://ubuntu.com/engage/secure-kubernetes-at-the-edge
May 14 02:27:12 kafka-vm1 systemd[1]: motd-news.service: Deactivated successfully.
May 14 02:27:12 kafka-vm1 systemd[1]: Finished Message of the Day.
May 14 02:34:33 kafka-vm1 python3[50772]: 2023-05-14T02:34:33.723952Z INFO ExtHandler ExtHandler [HEARTBEAT] Agent WALinuxAgent-2.9.0.4 is running as the goal state agent [DEBUG HeartbeatCounter: 403;HeartbeatId: 411D44BB-BF08-495F-99CE-44DB4643DF1C;DroppedPackets: 0;UpdateGSErrors: 0;AutoUpdate: 1]
May 14 02:56:21 kafka-vm1 python3[50772]: 2023-05-14T02:56:21.148293Z INFO ExtHandler ExtHandler No requested version specified, checking for all versions for agent update (family: Prod)
May 14 03:04:35 kafka-vm1 python3[50772]: 2023-05-14T03:04:35.403183Z INFO ExtHandler ExtHandler [HEARTBEAT] Agent WALinuxAgent-2.9.0.4 is running as the goal state agent [DEBUG HeartbeatCounter: 404;HeartbeatId: 411D44BB-BF08-495F-99CE-44DB4643DF1C;DroppedPackets: 0;UpdateGSErrors: 0;AutoUpdate: 1]
May 14 03:06:53 kafka-vm1 snapd[41607]: storehelpers.go:769: cannot refresh: snap has no updates available: "core22", "lxd", "snapd"
May 14 03:10:01 kafka-vm1 CRON[194844]: (root) CMD (test -e /run/systemd/system || SERVICE_MODE=1 /sbin/e2scrub_all -A -r)
May 14 03:10:11 kafka-vm1 systemd[1]: Condition check resulted in MD array scrubbing - continuation being skipped.
May 14 03:10:36 kafka-vm1 systemd[1]: Starting Online ext4 Metadata Check for All Filesystems...
May 14 03:10:36 kafka-vm1 systemd[1]: e2scrub_all.service: Deactivated successfully.
May 14 03:10:36 kafka-vm1 systemd[1]: Finished Online ext4 Metadata Check for All Filesystems.
May 14 03:17:01 kafka-vm1 CRON[194912]: (root) CMD (   cd / && run-parts --report /etc/cron.hourly)
May 14 03:25:24 kafka-vm1 systemd[1]: Started Reminder for degraded MD arrays.
May 14 03:25:24 kafka-vm1 systemd[1]: mdmonitor-oneshot.service: Deactivated successfully.
